Arguments: 
  C:\Program Files\nodejs\node.exe C:\Program Files (x86)\Yarn\bin\yarn.js cache clean

PATH: 
  C:\Program Files (x86)\NVIDIA Corporation\PhysX\Common;C:\Program Files (x86)\Common Files\Oracle\Java\javapath;C:\Program Files (x86)\Common Files\Intel\Shared Libraries\redist\intel64\compiler;C:\ProgramData\Oracle\Java\javapath;C:\WINDOWS\system32;C:\WINDOWS;C:\WINDOWS\System32\Wbem;C:\WINDOWS\System32\WindowsPowerShell\v1.0\;C:\ProgramData\chocolatey\bin;C:\Program Files\Git\cmd;C:\ProgramData\ComposerSetup\bin;C:\Program Files\PuTTY\;C:\Program Files\MongoDB\Server\3.4\bin;C:\xampp\php;C:\WINDOWS\System32\OpenSSH\;C:\Program Files\flutter\bin;C:\Program Files\apache-maven-3.5.4\bin;C:\Program Files (x86)\Pandoc\;C:\Program Files (x86)\Yarn\bin\;C:\Program Files\nodejs\;C:\Program Files\Microsoft VS Code\bin;C:\Users\anton\AppData\Local\Microsoft\WindowsApps;C:\Users\anton\AppData\Roaming\Composer\vendor\bin;C:\tools\cmder;;C:\Program Files\Microsoft VS Code\bin;C:\Program Files\heroku\bin;C:\Users\anton\AppData\Local\Yarn\bin;C:\Users\anton\AppData\Roaming\npm

Yarn version: 
  1.12.3

Node version: 
  10.14.1

Platform: 
  win32 x64

Trace: 
  Error: UNKNOWN: unknown error, scandir 'C:\Users\anton\AppData\Local\Yarn\Cache\v4\npm-rxjs-6.5.1-f7a005a9386361921b8524f38f54cbf80e5d08f4\node_modules\rxjs\operators'

npm manifest: 
  {
    "main": "node_modules/expo/AppEntry.js",
    "scripts": {
      "start": "expo start",
      "android": "expo start --android",
      "ios": "expo start --ios",
      "eject": "expo eject"
    },
    "dependencies": {
      "expo": "^32.0.0",
      "react": "16.5.0",
      "react-native": "https://github.com/expo/react-native/archive/sdk-32.0.0.tar.gz",
      "react-native-card-flip": "^1.0.4",
      "react-native-deck-swiper": "^1.5.26",
      "react-navigation": "^3.11.0",
      "styled-components": "^4.2.0"
    },
    "devDependencies": {
      "babel-preset-expo": "^5.0.0"
    },
    "private": true
  }

yarn manifest: 
  No manifest

Lockfile: 
  No lockfile
